<?xml version="1.0" encoding="UTF-8"?>
<!-- Generated by org.testng.reporters.JUnitXMLReporter -->
<testsuite ignored="0" hostname="AWAMRCCHNLT0032" failures="2" tests="2" name="Default test" time="29.426" errors="0" timestamp="2025-04-12T10:31:45 IST">
  <testcase classname="io.cucumber.testng.AbstractTestNGCucumberTests" name="runScenario" time="16.488">
    <failure type="java.lang.NullPointerException" message="Cannot invoke &amp;quot;Pages.PageObjectManager.getHome()&amp;quot; because &amp;quot;this.Page&amp;quot; is null">
      <![CDATA[java.lang.NullPointerException: Cannot invoke "Pages.PageObjectManager.getHome()" because "this.Page" is null
at AutomationSteps.LoginUserWithValidCredSteps.verifyhomepage(LoginUserWithValidCredSteps.java:25)
at ✽.Verify that home page is visible successfully "Website for automation practice"(file:///D:/Shrirang.Ladda/git/EmployeeCounsellorProject/src/test/resources/LoginUserwithValidCred.feature:7)
]]>
    </failure>
  </testcase> <!-- runScenario -->
  <testcase classname="io.cucumber.testng.AbstractTestNGCucumberTests" name="runScenario" time="11.734">
    <failure type="java.lang.NullPointerException" message="Cannot invoke &amp;quot;Pages.PageObjectManager.getHome()&amp;quot; because &amp;quot;this.Page&amp;quot; is null">
      <![CDATA[java.lang.NullPointerException: Cannot invoke "Pages.PageObjectManager.getHome()" because "this.Page" is null
at AutomationSteps.LoginUserWithValidCredSteps.verifyhomepage(LoginUserWithValidCredSteps.java:25)
at ✽.Verify that home page is visible successfully "Website for automation practice"(file:///D:/Shrirang.Ladda/git/EmployeeCounsellorProject/src/test/resources/LoginUserwithValidCred.feature:7)
]]>
    </failure>
  </testcase> <!-- runScenario -->
</testsuite> <!-- Default test -->
